# JRE version: Java(TM) SE Runtime Environment (8.0_251-b08) (build 1.8.0_251-b08)
# Java VM: Java HotSpot(TM) 64-Bit Server VM (25.251-b08 mixed mode windows-amd64 compressed oops)
Heap:
 PSYoungGen      total 38400K, used 2840K [0x00000000d5d00000, 0x00000000d8780000, 0x0000000100000000)
  eden space 33280K, 8% used [0x00000000d5d00000,0x00000000d5fc6218,0x00000000d7d80000)
  from space 5120K, 0% used [0x00000000d7d80000,0x00000000d7d80000,0x00000000d8280000)
  to   space 5120K, 0% used [0x00000000d8280000,0x00000000d8280000,0x00000000d8780000)
 ParOldGen       total 65536K, used 5462K [0x0000000081600000, 0x0000000085600000, 0x00000000d5d00000)
  object space 65536K, 8% used [0x0000000081600000,0x0000000081b55a58,0x0000000085600000)
 Metaspace       used 14943K, capacity 15299K, committed 15488K, reserved 1069056K
  class space    used 1792K, capacity 1898K, committed 1920K, reserved 1048576K
GC Heap History (10 events):
Event: 1.113 GC heap before
{Heap before GC invocations=2 (full 1):
 PSYoungGen      total 38400K, used 5101K [0x00000000d5d00000, 0x00000000d8780000, 0x0000000100000000)
  eden space 33280K, 0% used [0x00000000d5d00000,0x00000000d5d00000,0x00000000d7d80000)
  from space 5120K, 99% used [0x00000000d7d80000,0x00000000d827b558,0x00000000d8280000)
  to   space 5120K, 0% used [0x00000000d8280000,0x00000000d8280000,0x00000000d8780000)
 ParOldGen       total 87552K, used 1285K [0x0000000081600000, 0x0000000086b80000, 0x00000000d5d00000)
  object space 87552K, 1% used [0x0000000081600000,0x0000000081741640,0x0000000086b80000)
 Metaspace       used 11958K, capacity 12104K, committed 12288K, reserved 1064960K
  class space    used 1353K, capacity 1422K, committed 1536K, reserved 1048576K
Event: 1.128 GC heap after
Heap after GC invocations=2 (full 1):
 PSYoungGen      total 38400K, used 0K [0x00000000d5d00000, 0x00000000d8780000, 0x0000000100000000)
  eden space 33280K, 0% used [0x00000000d5d00000,0x00000000d5d00000,0x00000000d7d80000)
  from space 5120K, 0% used [0x00000000d7d80000,0x00000000d7d80000,0x00000000d8280000)
  to   space 5120K, 0% used [0x00000000d8280000,0x00000000d8280000,0x00000000d8780000)
 ParOldGen       total 65536K, used 6067K [0x0000000081600000, 0x0000000085600000, 0x00000000d5d00000)
  object space 65536K, 9% used [0x0000000081600000,0x0000000081becc40,0x0000000085600000)
 Metaspace       used 11958K, capacity 12104K, committed 12288K, reserved 1062912K
  class space    used 1353K, capacity 1422K, committed 1536K, reserved 1048576K
}
Event: 1.857 GC heap before
{Heap before GC invocations=3 (full 1):
 PSYoungGen      total 38400K, used 12896K [0x00000000d5d00000, 0x00000000d8780000, 0x0000000100000000)
  eden space 33280K, 38% used [0x00000000d5d00000,0x00000000d6998088,0x00000000d7d80000)
  from space 5120K, 0% used [0x00000000d7d80000,0x00000000d7d80000,0x00000000d8280000)
  to   space 5120K, 0% used [0x00000000d8280000,0x00000000d8280000,0x00000000d8780000)
 ParOldGen       total 65536K, used 6067K [0x0000000081600000, 0x0000000085600000, 0x00000000d5d00000)
  object space 65536K, 9% used [0x0000000081600000,0x0000000081becc40,0x0000000085600000)
 Metaspace       used 14503K, capacity 14731K, committed 14976K, reserved 1069056K
  class space    used 1715K, capacity 1806K, committed 1920K, reserved 1048576K
Event: 1.860 GC heap after
Heap after GC invocations=3 (full 1):
 PSYoungGen      total 38400K, used 2309K [0x00000000d5d00000, 0x00000000d8780000, 0x0000000100000000)
  eden space 33280K, 0% used [0x00000000d5d00000,0x00000000d5d00000,0x00000000d7d80000)
  from space 5120K, 45% used [0x00000000d8280000,0x00000000d84c1520,0x00000000d8780000)
  to   space 5120K, 0% used [0x00000000d7d80000,0x00000000d7d80000,0x00000000d8280000)
 ParOldGen       total 65536K, used 6075K [0x0000000081600000, 0x0000000085600000, 0x00000000d5d00000)
  object space 65536K, 9% used [0x0000000081600000,0x0000000081beec40,0x0000000085600000)
 Metaspace       used 14503K, capacity 14731K, committed 14976K, reserved 1069056K
  class space    used 1715K, capacity 1806K, committed 1920K, reserved 1048576K
}
Event: 1.860 GC heap before
{Heap before GC invocations=4 (full 2):
 PSYoungGen      total 38400K, used 2309K [0x00000000d5d00000, 0x00000000d8780000, 0x0000000100000000)
  eden space 33280K, 0% used [0x00000000d5d00000,0x00000000d5d00000,0x00000000d7d80000)
  from space 5120K, 45% used [0x00000000d8280000,0x00000000d84c1520,0x00000000d8780000)
  to   space 5120K, 0% used [0x00000000d7d80000,0x00000000d7d80000,0x00000000d8280000)
 ParOldGen       total 65536K, used 6075K [0x0000000081600000, 0x0000000085600000, 0x00000000d5d00000)
  object space 65536K, 9% used [0x0000000081600000,0x0000000081beec40,0x0000000085600000)
 Metaspace       used 14503K, capacity 14731K, committed 14976K, reserved 1069056K
  class space    used 1715K, capacity 1806K, committed 1920K, reserved 1048576K
Event: 1.894 GC heap after
Heap after GC invocations=4 (full 2):
 PSYoungGen      total 38400K, used 0K [0x00000000d5d00000, 0x00000000d8780000, 0x0000000100000000)
  eden space 33280K, 0% used [0x00000000d5d00000,0x00000000d5d00000,0x00000000d7d80000)
  from space 5120K, 0% used [0x00000000d8280000,0x00000000d8280000,0x00000000d8780000)
  to   space 5120K, 0% used [0x00000000d7d80000,0x00000000d7d80000,0x00000000d8280000)
 ParOldGen       total 65536K, used 5594K [0x0000000081600000, 0x0000000085600000, 0x00000000d5d00000)
  object space 65536K, 8% used [0x0000000081600000,0x0000000081b76ae0,0x0000000085600000)
 Metaspace       used 14503K, capacity 14731K, committed 14976K, reserved 1067008K
  class space    used 1715K, capacity 1806K, committed 1920K, reserved 1048576K
}
Event: 1.895 GC heap before
{Heap before GC invocations=5 (full 2):
 PSYoungGen      total 38400K, used 0K [0x00000000d5d00000, 0x00000000d8780000, 0x0000000100000000)
  eden space 33280K, 0% used [0x00000000d5d00000,0x00000000d5d00000,0x00000000d7d80000)
  from space 5120K, 0% used [0x00000000d8280000,0x00000000d8280000,0x00000000d8780000)
  to   space 5120K, 0% used [0x00000000d7d80000,0x00000000d7d80000,0x00000000d8280000)
 ParOldGen       total 65536K, used 5594K [0x0000000081600000, 0x0000000085600000, 0x00000000d5d00000)
  object space 65536K, 8% used [0x0000000081600000,0x0000000081b76ae0,0x0000000085600000)
 Metaspace       used 14503K, capacity 14731K, committed 14976K, reserved 1071104K
  class space    used 1715K, capacity 1806K, committed 1920K, reserved 1048576K
Event: 1.896 GC heap after
Heap after GC invocations=5 (full 2):
 PSYoungGen      total 38400K, used 0K [0x00000000d5d00000, 0x00000000d8780000, 0x0000000100000000)
  eden space 33280K, 0% used [0x00000000d5d00000,0x00000000d5d00000,0x00000000d7d80000)
  from space 5120K, 0% used [0x00000000d7d80000,0x00000000d7d80000,0x00000000d8280000)
  to   space 5120K, 0% used [0x00000000d8280000,0x00000000d8280000,0x00000000d8780000)
 ParOldGen       total 65536K, used 5594K [0x0000000081600000, 0x0000000085600000, 0x00000000d5d00000)
  object space 65536K, 8% used [0x0000000081600000,0x0000000081b76ae0,0x0000000085600000)
 Metaspace       used 14503K, capacity 14731K, committed 14976K, reserved 1071104K
  class space    used 1715K, capacity 1806K, committed 1920K, reserved 1048576K
}
Event: 1.896 GC heap before
{Heap before GC invocations=6 (full 3):
 PSYoungGen      total 38400K, used 0K [0x00000000d5d00000, 0x00000000d8780000, 0x0000000100000000)
  eden space 33280K, 0% used [0x00000000d5d00000,0x00000000d5d00000,0x00000000d7d80000)
  from space 5120K, 0% used [0x00000000d7d80000,0x00000000d7d80000,0x00000000d8280000)
  to   space 5120K, 0% used [0x00000000d8280000,0x00000000d8280000,0x00000000d8780000)
 ParOldGen       total 65536K, used 5594K [0x0000000081600000, 0x0000000085600000, 0x00000000d5d00000)
  object space 65536K, 8% used [0x0000000081600000,0x0000000081b76ae0,0x0000000085600000)
 Metaspace       used 14503K, capacity 14731K, committed 14976K, reserved 1071104K
  class space    used 1715K, capacity 1806K, committed 1920K, reserved 1048576K
Event: 1.908 GC heap after
Heap after GC invocations=6 (full 3):
 PSYoungGen      total 38400K, used 0K [0x00000000d5d00000, 0x00000000d8780000, 0x0000000100000000)
  eden space 33280K, 0% used [0x00000000d5d00000,0x00000000d5d00000,0x00000000d7d80000)
  from space 5120K, 0% used [0x00000000d7d80000,0x00000000d7d80000,0x00000000d8280000)
  to   space 5120K, 0% used [0x00000000d8280000,0x00000000d8280000,0x00000000d8780000)
 ParOldGen       total 65536K, used 5462K [0x0000000081600000, 0x0000000085600000, 0x00000000d5d00000)
  object space 65536K, 8% used [0x0000000081600000,0x0000000081b55a58,0x0000000085600000)
 Metaspace       used 14503K, capacity 14731K, committed 14976K, reserved 1067008K
  class space    used 1715K, capacity 1806K, committed 1920K, reserved 1048576K
}

