<?xml version="1.0" encoding="UTF-8"?>
<testng-results skipped="0" failed="0" total="1" passed="1">
  <reporter-output>
  </reporter-output>
  <suite name="Default suite" duration-ms="570" started-at="2020-08-02T19:50:33Z" finished-at="2020-08-02T19:50:34Z">
    <groups>
    </groups>
    <test name="Default test" duration-ms="570" started-at="2020-08-02T19:50:33Z" finished-at="2020-08-02T19:50:34Z">
      <class name="com.qa.testNGScripts.writeinExcel">
        <test-method status="PASS" signature="write()[pri:0, instance:com.qa.testNGScripts.writeinExcel@11531931]" name="write" duration-ms="561" started-at="2020-08-02T15:50:33Z" finished-at="2020-08-02T15:50:34Z">
          <reporter-output>
          </reporter-output>
        </test-method> <!-- write -->
      </class> <!-- com.qa.testNGScripts.writeinExcel -->
    </test> <!-- Default test -->
  </suite> <!-- Default suite -->
</testng-results>
